<?xml version="1.0" encoding="utf-8"?>
<coverage line-rate="0.24780000000000002" branch-rate="0.18289999999999998" version="1.9" timestamp="1783611675" lines-covered="294" lines-valid="1186" branches-covered="45" branches-valid="246">
  <sources>
    <source>F:\Projetos\AI\EmissorNotaFiscal-RPA\src\EmissorNotaFiscal\</source>
  </sources>
  <packages>
    <package name="EmissorNotaFiscal" line-rate="0.24780000000000002" branch-rate="0.18289999999999998" complexity="310">
      <classes>
        <class name="Program/&lt;&lt;Main&gt;$&gt;d__0" filename="Program.cs" line-rate="0" branch-rate="0" complexity="8">
          <methods>
            <method name="MoveNext" signature="()" line-rate="0" branch-rate="0" complexity="8">
              <lines>
                <line number="11" hits="0" branch="False" />
                <line number="12" hits="0" branch="False" />
                <line number="13" hits="0" branch="False" />
                <line number="14" hits="0" branch="False" />
                <line number="15" hits="0" branch="False" />
                <line number="16" hits="0" branch="False" />
                <line number="17" hits="0" branch="False" />
                <line number="18" hits="0" branch="True" condition-coverage="0% (0/4)">
                  <conditions>
                    <condition number="46" type="jump" coverage="0%" />
                    <condition number="64" type="jump" coverage="0%" />
                  </conditions>
                </line>
                <line number="19" hits="0" branch="False" />
                <line number="20" hits="0" branch="False" />
                <line number="21" hits="0" branch="False" />
                <line number="22" hits="0" branch="False" />
                <line number="23" hits="0" branch="False" />
                <line number="24" hits="0" branch="False" />
                <line number="25" hits="0" branch="False" />
                <line number="26" hits="0" branch="False" />
                <line number="27" hits="0" branch="False" />
                <line number="28" hits="0" branch="False" />
                <line number="29" hits="0" branch="False" />
                <line number="30" hits="0" branch="False" />
                <line number="31" hits="0" branch="False" />
                <line number="32" hits="0" branch="False" />
                <line number="33" hits="0" branch="False" />
                <line number="34" hits="0" branch="False" />
                <line number="35" hits="0" branch="False" />
                <line number="36" hits="0" branch="False" />
                <line number="37" hits="0" branch="False" />
                <line number="38" hits="0" branch="False" />
                <line number="39" hits="0" branch="False" />
                <line number="40" hits="0" branch="False" />
                <line number="41" hits="0" branch="False" />
                <line number="42" hits="0" branch="False" />
                <line number="43" hits="0" branch="False" />
                <line number="44" hits="0" branch="False" />
                <line number="45" hits="0" branch="False" />
                <line number="46" hits="0" branch="False" />
                <line number="47" hits="0" branch="False" />
                <line number="48" hits="0" branch="True" condition-coverage="0% (0/4)">
                  <conditions>
                    <condition number="6" type="jump" coverage="0%" />
                    <condition number="19" type="jump" coverage="0%" />
                  </conditions>
                </line>
                <line number="49" hits="0" branch="False" />
                <line number="50" hits="0" branch="False" />
                <line number="51" hits="0" branch="False" />
                <line number="52" hits="0" branch="False" />
                <line number="53" hits="0" branch="False" />
                <line number="54" hits="0" branch="False" />
                <line number="55" hits="0" branch="False" />
                <line number="56" hits="0" branch="False" />
                <line number="57" hits="0" branch="False" />
                <line number="58" hits="0" branch="False" />
                <line number="59" hits="0" branch="False" />
                <line number="60" hits="0" branch="False" />
                <line number="61" hits="0" branch="False" />
                <line number="62" hits="0" branch="False" />
                <line number="63" hits="0" branch="False" />
                <line number="64" hits="0" branch="False" />
                <line number="65" hits="0" branch="False" />
                <line number="67" hits="0" branch="False" />
              </lines>
            </method>
          </methods>
          <lines>
            <line number="11" hits="0" branch="False" />
            <line number="12" hits="0" branch="False" />
            <line number="13" hits="0" branch="False" />
            <line number="14" hits="0" branch="False" />
            <line number="15" hits="0" branch="False" />
            <line number="16" hits="0" branch="False" />
            <line number="17" hits="0" branch="False" />
            <line number="18" hits="0" branch="True" condition-coverage="0% (0/4)">
              <conditions>
                <condition number="46" type="jump" coverage="0%" />
                <condition number="64" type="jump" coverage="0%" />
              </conditions>
            </line>
            <line number="19" hits="0" branch="False" />
            <line number="20" hits="0" branch="False" />
            <line number="21" hits="0" branch="False" />
            <line number="22" hits="0" branch="False" />
            <line number="23" hits="0" branch="False" />
            <line number="24" hits="0" branch="False" />
            <line number="25" hits="0" branch="False" />
            <line number="26" hits="0" branch="False" />
            <line number="27" hits="0" branch="False" />
            <line number="28" hits="0" branch="False" />
            <line number="29" hits="0" branch="False" />
            <line number="30" hits="0" branch="False" />
            <line number="31" hits="0" branch="False" />
            <line number="32" hits="0" branch="False" />
            <line number="33" hits="0" branch="False" />
            <line number="34" hits="0" branch="False" />
            <line number="35" hits="0" branch="False" />
            <line number="36" hits="0" branch="False" />
            <line number="37" hits="0" branch="False" />
            <line number="38" hits="0" branch="False" />
            <line number="39" hits="0" branch="False" />
            <line number="40" hits="0" branch="False" />
            <line number="41" hits="0" branch="False" />
            <line number="42" hits="0" branch="False" />
            <line number="43" hits="0" branch="False" />
            <line number="44" hits="0" branch="False" />
            <line number="45" hits="0" branch="False" />
            <line number="46" hits="0" branch="False" />
            <line number="47" hits="0" branch="False" />
            <line number="48" hits="0" branch="True" condition-coverage="0% (0/4)">
              <conditions>
                <condition number="6" type="jump" coverage="0%" />
                <condition number="19" type="jump" coverage="0%" />
              </conditions>
            </line>
            <line number="49" hits="0" branch="False" />
            <line number="50" hits="0" branch="False" />
            <line number="51" hits="0" branch="False" />
            <line number="52" hits="0" branch="False" />
            <line number="53" hits="0" branch="False" />
            <line number="54" hits="0" branch="False" />
            <line number="55" hits="0" branch="False" />
            <line number="56" hits="0" branch="False" />
            <line number="57" hits="0" branch="False" />
            <line number="58" hits="0" branch="False" />
            <line number="59" hits="0" branch="False" />
            <line number="60" hits="0" branch="False" />
            <line number="61" hits="0" branch="False" />
            <line number="62" hits="0" branch="False" />
            <line number="63" hits="0" branch="False" />
            <line number="64" hits="0" branch="False" />
            <line number="65" hits="0" branch="False" />
            <line number="67" hits="0" branch="False" />
          </lines>
        </class>
        <class name="EmissorNotaFiscal.Worker" filename="Worker.cs" line-rate="0" branch-rate="0" complexity="3">
          <methods>
            <method name=".ctor" signature="(Microsoft.Extensions.Logging.ILogger`1&lt;EmissorNotaFiscal.Worker&gt;,EmissorNotaFiscal.Application.FaturamentoOrchestrator,Microsoft.Extensions.Options.IOptions`1&lt;EmissorNotaFiscal.Configuration.WorkerScheduleOptions&gt;)" line-rate="0" branch-rate="0" complexity="2">
              <lines>
                <line number="24" hits="0" branch="False" />
                <line number="25" hits="0" branch="False" />
                <line number="26" hits="0" branch="False" />
                <line number="27" hits="0" branch="False" />
                <line number="28" hits="0" branch="False" />
                <line number="29" hits="0" branch="False" />
                <line number="30" hits="0" branch="False" />
                <line number="31" hits="0" branch="False" />
                <line number="33" hits="0" branch="True" condition-coverage="0% (0/2)">
                  <conditions>
                    <condition number="53" type="jump" coverage="0%" />
                  </conditions>
                </line>
                <line number="34" hits="0" branch="False" />
                <line number="35" hits="0" branch="False" />
                <line number="36" hits="0" branch="False" />
                <line number="37" hits="0" branch="False" />
                <line number="38" hits="0" branch="False" />
                <line number="39" hits="0" branch="False" />
                <line number="41" hits="0" branch="False" />
              </lines>
            </method>
            <method name=".cctor" signature="()" line-rate="0" branch-rate="1" complexity="1">
              <lines>
                <line number="13" hits="0" branch="False" />
                <line number="14" hits="0" branch="False" />
                <line number="15" hits="0" branch="False" />
                <line number="16" hits="0" branch="False" />
                <line number="17" hits="0" branch="False" />
                <line number="18" hits="0" branch="False" />
              </lines>
            </method>
          </methods>
          <lines>
            <line number="24" hits="0" branch="False" />
            <line number="25" hits="0" branch="False" />
            <line number="26" hits="0" branch="False" />
            <line number="27" hits="0" branch="False" />
            <line number="28" hits="0" branch="False" />
            <line number="29" hits="0" branch="False" />
            <line number="30" hits="0" branch="False" />
            <line number="31" hits="0" branch="False" />
            <line number="33" hits="0" branch="True" condition-coverage="0% (0/2)">
              <conditions>
                <condition number="53" type="jump" coverage="0%" />
              </conditions>
            </line>
            <line number="34" hits="0" branch="False" />
            <line number="35" hits="0" branch="False" />
            <line number="36" hits="0" branch="False" />
            <line number="37" hits="0" branch="False" />
            <line number="38" hits="0" branch="False" />
            <line number="39" hits="0" branch="False" />
            <line number="41" hits="0" branch="False" />
            <line number="13" hits="0" branch="False" />
            <line number="14" hits="0" branch="False" />
            <line number="15" hits="0" branch="False" />
            <line number="16" hits="0" branch="False" />
            <line number="17" hits="0" branch="False" />
            <line number="18" hits="0" branch="False" />
          </lines>
        </class>
        <class name="EmissorNotaFiscal.Worker/&lt;ExecuteAsync&gt;d__8" filename="Worker.cs" line-rate="0" branch-rate="0" complexity="2">
          <methods>
            <method name="MoveNext" signature="()" line-rate="0" branch-rate="0" complexity="2">
              <lines>
                <line number="44" hits="0" branch="False" />
                <line number="45" hits="0" branch="False" />
                <line number="47" hits="0" branch="False" />
                <line number="48" hits="0" branch="False" />
                <line number="49" hits="0" branch="False" />
                <line number="51" hits="0" branch="True" condition-coverage="0% (0/2)">
                  <conditions>
                    <condition number="536" type="jump" coverage="0%" />
                  </conditions>
                </line>
                <line number="52" hits="0" branch="False" />
                <line number="53" hits="0" branch="False" />
                <line number="54" hits="0" branch="False" />
                <line number="56" hits="0" branch="False" />
                <line number="58" hits="0" branch="False" />
                <line number="59" hits="0" branch="False" />
                <line number="61" hits="0" branch="False" />
                <line number="62" hits="0" branch="False" />
                <line number="63" hits="0" branch="False" />
                <line number="65" hits="0" branch="False" />
                <line number="66" hits="0" branch="False" />
                <line number="67" hits="0" branch="False" />
              </lines>
            </method>
          </methods>
          <lines>
            <line number="44" hits="0" branch="False" />
            <line number="45" hits="0" branch="False" />
            <line number="47" hits="0" branch="False" />
            <line number="48" hits="0" branch="False" />
            <line number="49" hits="0" branch="False" />
            <line number="51" hits="0" branch="True" condition-coverage="0% (0/2)">
              <conditions>
                <condition number="536" type="jump" coverage="0%" />
              </conditions>
            </line>
            <line number="52" hits="0" branch="False" />
            <line number="53" hits="0" branch="False" />
            <line number="54" hits="0" branch="False" />
            <line number="56" hits="0" branch="False" />
            <line number="58" hits="0" branch="False" />
            <line number="59" hits="0" branch="False" />
            <line number="61" hits="0" branch="False" />
            <line number="62" hits="0" branch="False" />
            <line number="63" hits="0" branch="False" />
            <line number="65" hits="0" branch="False" />
            <line number="66" hits="0" branch="False" />
            <line number="67" hits="0" branch="False" />
          </lines>
        </class>
        <class name="EmissorNotaFiscal.Infrastructure.Storage.JsonConfigRepository" filename="Infrastructure\Storage\JsonConfigRepository.cs" line-rate="1" branch-rate="1" complexity="3">
          <methods>
            <method name="ObterConfiguracaoFaturamentoAsync" signature="(System.String)" line-rate="1" branch-rate="1" complexity="1">
              <lines>
                <line number="22" hits="4" branch="False" />
                <line number="23" hits="4" branch="False" />
                <line number="24" hits="4" branch="False" />
                <line number="25" hits="4" branch="False" />
                <line number="26" hits="5" branch="False" />
                <line number="27" hits="4" branch="False" />
              </lines>
            </method>
            <method name="ObterReceitaAutomacaoAsync" signature="(System.String)" line-rate="1" branch-rate="1" complexity="1">
              <lines>
                <line number="62" hits="2" branch="False" />
                <line number="63" hits="2" branch="False" />
                <line number="64" hits="2" branch="False" />
                <line number="65" hits="2" branch="False" />
                <line number="66" hits="2" branch="False" />
                <line number="67" hits="2" branch="False" />
              </lines>
            </method>
            <method name=".cctor" signature="()" line-rate="1" branch-rate="1" complexity="1">
              <lines>
                <line number="11" hits="1" branch="False" />
                <line number="12" hits="1" branch="False" />
                <line number="13" hits="1" branch="False" />
                <line number="14" hits="1" branch="False" />
                <line number="15" hits="1" branch="False" />
                <line number="16" hits="1" branch="False" />
                <line number="17" hits="1" branch="False" />
                <line number="18" hits="1" branch="False" />
                <line number="19" hits="1" branch="False" />
              </lines>
            </method>
          </methods>
          <lines>
            <line number="22" hits="4" branch="False" />
            <line number="23" hits="4" branch="False" />
            <line number="24" hits="4" branch="False" />
            <line number="25" hits="4" branch="False" />
            <line number="26" hits="5" branch="False" />
            <line number="27" hits="4" branch="False" />
            <line number="62" hits="2" branch="False" />
            <line number="63" hits="2" branch="False" />
            <line number="64" hits="2" branch="False" />
            <line number="65" hits="2" branch="False" />
            <line number="66" hits="2" branch="False" />
            <line number="67" hits="2" branch="False" />
            <line number="11" hits="1" branch="False" />
            <line number="12" hits="1" branch="False" />
            <line number="13" hits="1" branch="False" />
            <line number="14" hits="1" branch="False" />
            <line number="15" hits="1" branch="False" />
            <line number="16" hits="1" branch="False" />
            <line number="17" hits="1" branch="False" />
            <line number="18" hits="1" branch="False" />
            <line number="19" hits="1" branch="False" />
          </lines>
        </class>
        <class name="EmissorNotaFiscal.Infrastructure.Storage.JsonConfigRepository/&lt;LerJsonAsync&gt;d__4`1" filename="Infrastructure\Storage\JsonConfigRepository.cs" line-rate="0.8181" branch-rate="0.8" complexity="10">
          <methods>
            <method name="MoveNext" signature="()" line-rate="0.8181" branch-rate="0.8" complexity="10">
              <lines>
                <line number="73" hits="6" branch="False" />
                <line number="74" hits="6" branch="False" />
                <line number="76" hits="6" branch="True" condition-coverage="100% (2/2)">
                  <conditions>
                    <condition number="52" type="jump" coverage="100%" />
                  </conditions>
                </line>
                <line number="77" hits="2" branch="False" />
                <line number="78" hits="2" branch="True" condition-coverage="100% (2/2)">
                  <conditions>
                    <condition number="69" type="jump" coverage="100%" />
                  </conditions>
                </line>
                <line number="79" hits="1" branch="False" />
                <line number="80" hits="1" branch="False" />
                <line number="83" hits="1" branch="False" />
                <line number="84" hits="1" branch="False" />
                <line number="85" hits="1" branch="False" />
                <line number="89" hits="4" branch="False" />
                <line number="90" hits="4" branch="False" />
                <line number="91" hits="4" branch="False" />
                <line number="92" hits="4" branch="False" />
                <line number="93" hits="4" branch="False" />
                <line number="94" hits="4" branch="False" />
                <line number="95" hits="4" branch="False" />
                <line number="96" hits="4" branch="False" />
                <line number="98" hits="4" branch="False" />
                <line number="100" hits="3" branch="True" condition-coverage="66.66% (4/6)">
                  <conditions>
                    <condition number="422" type="jump" coverage="50%" />
                    <condition number="550" type="jump" coverage="100%" />
                    <condition number="713" type="jump" coverage="50%" />
                  </conditions>
                </line>
                <line number="101" hits="3" branch="False" />
                <line number="102" hits="0" branch="False" />
                <line number="103" hits="1" branch="False" />
                <line number="104" hits="1" branch="False" />
                <line number="105" hits="1" branch="False" />
                <line number="106" hits="1" branch="False" />
                <line number="107" hits="1" branch="False" />
                <line number="109" hits="0" branch="False" />
                <line number="110" hits="0" branch="False" />
                <line number="111" hits="0" branch="False" />
                <line number="112" hits="0" branch="False" />
                <line number="113" hits="0" branch="False" />
                <line number="115" hits="4" branch="False" />
              </lines>
            </method>
          </methods>
          <lines>
            <line number="73" hits="6" branch="False" />
            <line number="74" hits="6" branch="False" />
            <line number="76" hits="6" branch="True" condition-coverage="100% (2/2)">
              <conditions>
                <condition number="52" type="jump" coverage="100%" />
              </conditions>
            </line>
            <line number="77" hits="2" branch="False" />
            <line number="78" hits="2" branch="True" condition-coverage="100% (2/2)">
              <conditions>
                <condition number="69" type="jump" coverage="100%" />
              </conditions>
            </line>
            <line number="79" hits="1" branch="False" />
            <line number="80" hits="1" branch="False" />
            <line number="83" hits="1" branch="False" />
            <line number="84" hits="1" branch="False" />
            <line number="85" hits="1" branch="False" />
            <line number="89" hits="4" branch="False" />
            <line number="90" hits="4" branch="False" />
            <line number="91" hits="4" branch="False" />
            <line number="92" hits="4" branch="False" />
            <line number="93" hits="4" branch="False" />
            <line number="94" hits="4" branch="False" />
            <line number="95" hits="4" branch="False" />
            <line number="96" hits="4" branch="False" />
            <line number="98" hits="4" branch="False" />
            <line number="100" hits="3" branch="True" condition-coverage="66.66% (4/6)">
              <conditions>
                <condition number="422" type="jump" coverage="50%" />
                <condition number="550" type="jump" coverage="100%" />
                <condition number="713" type="jump" coverage="50%" />
              </conditions>
            </line>
            <line number="101" hits="3" branch="False" />
            <line number="102" hits="0" branch="False" />
            <line number="103" hits="1" branch="False" />
            <line number="104" hits="1" branch="False" />
            <line number="105" hits="1" branch="False" />
            <line number="106" hits="1" branch="False" />
            <line number="107" hits="1" branch="False" />
            <line number="109" hits="0" branch="False" />
            <line number="110" hits="0" branch="False" />
            <line number="111" hits="0" branch="False" />
            <line number="112" hits="0" branch="False" />
            <line number="113" hits="0" branch="False" />
            <line number="115" hits="4" branch="False" />
          </lines>
        </class>
        <class name="EmissorNotaFiscal.Infrastructure.Storage.JsonConfigRepository/&lt;SalvarConfiguracaoFaturamentoAsync&gt;d__2" filename="Infrastructure\Storage\JsonConfigRepository.cs" line-rate="0.7916" branch-rate="1" complexity="4">
          <methods>
            <method name="MoveNext" signature="()" line-rate="0.7916" branch-rate="1" complexity="4">
              <lines>
                <line number="30" hits="3" branch="False" />
                <line number="31" hits="3" branch="False" />
                <line number="32" hits="2" branch="False" />
                <line number="35" hits="1" branch="False" />
                <line number="36" hits="1" branch="False" />
                <line number="38" hits="1" branch="True" condition-coverage="100% (2/2)">
                  <conditions>
                    <condition number="103" type="jump" coverage="100%" />
                  </conditions>
                </line>
                <line number="39" hits="1" branch="False" />
                <line number="40" hits="1" branch="False" />
                <line number="41" hits="1" branch="False" />
                <line number="43" hits="1" branch="False" />
                <line number="44" hits="1" branch="False" />
                <line number="45" hits="1" branch="False" />
                <line number="46" hits="1" branch="False" />
                <line number="47" hits="1" branch="False" />
                <line number="48" hits="1" branch="False" />
                <line number="49" hits="1" branch="False" />
                <line number="51" hits="1" branch="True" condition-coverage="100% (2/2)">
                  <conditions>
                    <condition number="309" type="jump" coverage="100%" />
                  </conditions>
                </line>
                <line number="52" hits="1" branch="False" />
                <line number="53" hits="0" branch="False" />
                <line number="54" hits="0" branch="False" />
                <line number="55" hits="0" branch="False" />
                <line number="56" hits="0" branch="False" />
                <line number="57" hits="0" branch="False" />
                <line number="59" hits="1" branch="False" />
              </lines>
            </method>
          </methods>
          <lines>
            <line number="30" hits="3" branch="False" />
            <line number="31" hits="3" branch="False" />
            <line number="32" hits="2" branch="False" />
            <line number="35" hits="1" branch="False" />
            <line number="36" hits="1" branch="False" />
            <line number="38" hits="1" branch="True" condition-coverage="100% (2/2)">
              <conditions>
                <condition number="103" type="jump" coverage="100%" />
              </conditions>
            </line>
            <line number="39" hits="1" branch="False" />
            <line number="40" hits="1" branch="False" />
            <line number="41" hits="1" branch="False" />
            <line number="43" hits="1" branch="False" />
            <line number="44" hits="1" branch="False" />
            <line number="45" hits="1" branch="False" />
            <line number="46" hits="1" branch="False" />
            <line number="47" hits="1" branch="False" />
            <line number="48" hits="1" branch="False" />
            <line number="49" hits="1" branch="False" />
            <line number="51" hits="1" branch="True" condition-coverage="100% (2/2)">
              <conditions>
                <condition number="309" type="jump" coverage="100%" />
              </conditions>
            </line>
            <line number="52" hits="1" branch="False" />
            <line number="53" hits="0" branch="False" />
            <line number="54" hits="0" branch="False" />
            <line number="55" hits="0" branch="False" />
            <line number="56" hits="0" branch="False" />
            <line number="57" hits="0" branch="False" />
            <line number="59" hits="1" branch="False" />
          </lines>
        </class>
        <class name="EmissorNotaFiscal.Infrastructure.Automation.ContractBasedAutomationEngine" filename="Infrastructure\Automation\ContractBasedAutomationEngine.cs" line-rate="0" branch-rate="0" complexity="43">
          <methods>
            <method name="ResolveNavigationTarget" signature="(EmissorNotaFiscal.Domain.Models.Automation.FluxoAutomacaoContrato,EmissorNotaFiscal.Domain.Models.Automation.AcaoPasso,System.Collections.Generic.IReadOnlyDictionary`2&lt;System.String,System.String&gt;)" line-rate="0" branch-rate="0" complexity="6">
              <lines>
                <line number="285" hits="0" branch="False" />
                <line number="286" hits="0" branch="True" condition-coverage="0% (0/2)">
                  <conditions>
                    <condition number="17" type="jump" coverage="0%" />
                  </conditions>
                </line>
                <line number="287" hits="0" branch="False" />
                <line number="288" hits="0" branch="False" />
                <line number="291" hits="0" branch="True" condition-coverage="0% (0/2)">
                  <conditions>
                    <condition number="57" type="jump" coverage="0%" />
                  </conditions>
                </line>
                <line number="292" hits="0" branch="False" />
                <line number="293" hits="0" branch="False" />
                <line number="296" hits="0" branch="True" condition-coverage="0% (0/2)">
                  <conditions>
                    <condition number="85" type="jump" coverage="0%" />
                  </conditions>
                </line>
                <line number="297" hits="0" branch="False" />
                <line number="298" hits="0" branch="False" />
                <line number="301" hits="0" branch="False" />
                <line number="302" hits="0" branch="False" />
                <line number="303" hits="0" branch="False" />
              </lines>
            </method>
            <method name="ValidarUrlInicial" signature="(System.String)" line-rate="0" branch-rate="0" complexity="4">
              <lines>
                <line number="306" hits="0" branch="False" />
                <line number="307" hits="0" branch="True" condition-coverage="0% (0/2)">
                  <conditions>
                    <condition number="9" type="jump" coverage="0%" />
                  </conditions>
                </line>
                <line number="308" hits="0" branch="False" />
                <line number="309" hits="0" branch="False" />
                <line number="310" hits="0" branch="False" />
                <line number="313" hits="0" branch="True" condition-coverage="0% (0/2)">
                  <conditions>
                    <condition number="37" type="jump" coverage="0%" />
                  </conditions>
                </line>
                <line number="314" hits="0" branch="False" />
                <line number="315" hits="0" branch="False" />
                <line number="316" hits="0" branch="False" />
                <line number="319" hits="0" branch="False" />
                <line number="320" hits="0" branch="False" />
              </lines>
            </method>
            <method name="ObterSeletoresDeContinuidade" signature="(EmissorNotaFiscal.Domain.Models.Automation.FluxoAutomacaoContrato,System.Int32,System.Int32)" line-rate="0" branch-rate="0" complexity="2">
              <lines>
                <line number="720" hits="0" branch="False" />
                <line number="721" hits="0" branch="False" />
                <line number="722" hits="0" branch="False" />
                <line number="723" hits="0" branch="False" />
                <line number="724" hits="0" branch="True" condition-coverage="0% (0/2)">
                  <conditions>
                    <condition number="12" type="jump" coverage="0%" />
                  </conditions>
                </line>
                <line number="725" hits="0" branch="False" />
                <line number="726" hits="0" branch="False" />
                <line number="727" hits="0" branch="False" />
                <line number="728" hits="0" branch="False" />
                <line number="729" hits="0" branch="False" />
                <line number="730" hits="0" branch="False" />
                <line number="731" hits="0" branch="False" />
                <line number="732" hits="0" branch="False" />
              </lines>
            </method>
            <method name="IsPmspAuthUrl" signature="(System.String)" line-rate="0" branch-rate="0" complexity="2">
              <lines>
                <line number="745" hits="0" branch="False" />
                <line number="746" hits="0" branch="True" condition-coverage="0% (0/2)">
                  <conditions>
                    <condition number="10" type="jump" coverage="0%" />
                  </conditions>
                </line>
                <line number="747" hits="0" branch="False" />
                <line number="748" hits="0" branch="False" />
              </lines>
            </method>
            <method name="RegisterPageDiagnostics" signature="(Microsoft.Playwright.IPage)" line-rate="0" branch-rate="1" complexity="1">
              <lines>
                <line number="778" hits="0" branch="False" />
                <line number="779" hits="0" branch="False" />
                <line number="780" hits="0" branch="False" />
                <line number="781" hits="0" branch="False" />
                <line number="782" hits="0" branch="False" />
                <line number="783" hits="0" branch="False" />
                <line number="784" hits="0" branch="False" />
                <line number="785" hits="0" branch="False" />
                <line number="786" hits="0" branch="False" />
                <line number="788" hits="0" branch="False" />
                <line number="789" hits="0" branch="False" />
                <line number="790" hits="0" branch="False" />
                <line number="791" hits="0" branch="False" />
                <line number="792" hits="0" branch="False" />
              </lines>
            </method>
            <method name="RegistrarTratamentoDialogos" signature="(Microsoft.Playwright.IPage)" line-rate="0" branch-rate="1" complexity="1">
              <lines>
                <line number="975" hits="0" branch="False" />
                <line number="976" hits="0" branch="False" />
                <line number="977" hits="0" branch="False" />
                <line number="978" hits="0" branch="False" />
              </lines>
            </method>
            <method name="RegisterDownloadCapture" signature="(Microsoft.Playwright.IPage,System.Threading.Tasks.TaskCompletionSource`1&lt;System.String&gt;,System.String)" line-rate="0" branch-rate="1" complexity="1">
              <lines>
                <line number="1001" hits="0" branch="False" />
                <line number="1002" hits="0" branch="False" />
                <line number="1003" hits="0" branch="False" />
                <line number="1004" hits="0" branch="False" />
                <line number="1005" hits="0" branch="False" />
                <line number="1006" hits="0" branch="False" />
                <line number="1007" hits="0" branch="False" />
                <line number="1008" hits="0" branch="False" />
                <line number="1009" hits="0" branch="False" />
                <line number="1010" hits="0" branch="False" />
                <line number="1011" hits="0" branch="False" />
                <line number="1012" hits="0" branch="False" />
                <line number="1013" hits="0" branch="False" />
                <line number="1014" hits="0" branch="False" />
                <line number="1015" hits="0" branch="False" />
                <line number="1016" hits="0" branch="False" />
                <line number="1017" hits="0" branch="False" />
                <line number="1018" hits="0" branch="False" />
                <line number="1019" hits="0" branch="False" />
                <line number="1020" hits="0" branch="False" />
                <line number="1021" hits="0" branch="False" />
                <line number="1022" hits="0" branch="False" />
                <line number="1023" hits="0" branch="False" />
                <line number="1024" hits="0" branch="False" />
                <line number="1025" hits="0" branch="False" />
                <line number="1026" hits="0" branch="False" />
              </lines>
            </method>
            <method name="BuildUniqueDownloadPath" signature="(System.String,System.String)" line-rate="0" branch-rate="1" complexity="1">
              <lines>
                <line number="1029" hits="0" branch="False" />
                <line number="1030" hits="0" branch="False" />
                <line number="1031" hits="0" branch="False" />
                <line number="1032" hits="0" branch="False" />
                <line number="1033" hits="0" branch="False" />
              </lines>
            </method>
            <method name="ResolveHeadlessMode" signature="()" line-rate="0" branch-rate="0" complexity="4">
              <lines>
                <line number="1057" hits="0" branch="False" />
                <line number="1058" hits="0" branch="True" condition-coverage="0% (0/2)">
                  <conditions>
                    <condition number="14" type="jump" coverage="0%" />
                  </conditions>
                </line>
                <line number="1059" hits="0" branch="False" />
                <line number="1060" hits="0" branch="False" />
                <line number="1061" hits="0" branch="False" />
                <line number="1062" hits="0" branch="False" />
                <line number="1064" hits="0" branch="False" />
                <line number="1067" hits="0" branch="True" condition-coverage="0% (0/2)">
                  <conditions>
                    <condition number="59" type="jump" coverage="0%" />
                  </conditions>
                </line>
                <line number="1068" hits="0" branch="False" />
              </lines>
            </method>
            <method name="EnsureDownloadsDirectoryIsReady" signature="()" line-rate="0" branch-rate="0" complexity="4">
              <lines>
                <line number="1071" hits="0" branch="False" />
                <line number="1072" hits="0" branch="True" condition-coverage="0% (0/4)">
                  <conditions>
                    <condition number="8" type="jump" coverage="0%" />
                    <condition number="25" type="jump" coverage="0%" />
                  </conditions>
                </line>
                <line number="1073" hits="0" branch="False" />
                <line number="1076" hits="0" branch="False" />
                <line number="1077" hits="0" branch="False" />
                <line number="1078" hits="0" branch="False" />
                <line number="1080" hits="0" branch="False" />
                <line number="1081" hits="0" branch="False" />
                <line number="1082" hits="0" branch="False" />
                <line number="1084" hits="0" branch="False" />
                <line number="1086" hits="0" branch="False" />
                <line number="1087" hits="0" branch="False" />
                <line number="1088" hits="0" branch="False" />
                <line number="1089" hits="0" branch="False" />
                <line number="1090" hits="0" branch="False" />
                <line number="1091" hits="0" branch="False" />
                <line number="1093" hits="0" branch="False" />
              </lines>
            </method>
            <method name="GetRequiredRuntimeValue" signature="(System.String,System.String,System.Collections.Generic.IReadOnlyDictionary`2&lt;System.String,System.String&gt;)" line-rate="0" branch-rate="0" complexity="4">
              <lines>
                <line number="1099" hits="0" branch="False" />
                <line number="1100" hits="0" branch="True" condition-coverage="0% (0/4)">
                  <conditions>
                    <condition number="10" type="jump" coverage="0%" />
                    <condition number="23" type="jump" coverage="0%" />
                  </conditions>
                </line>
                <line number="1101" hits="0" branch="False" />
                <line number="1102" hits="0" branch="False" />
                <line number="1103" hits="0" branch="False" />
                <line number="1106" hits="0" branch="False" />
                <line number="1107" hits="0" branch="False" />
              </lines>
            </method>
            <method name="GetRequiredSelector" signature="(EmissorNotaFiscal.Domain.Models.Automation.AcaoPasso)" line-rate="0" branch-rate="0" complexity="2">
              <lines>
                <line number="1110" hits="0" branch="False" />
                <line number="1111" hits="0" branch="True" condition-coverage="0% (0/2)">
                  <conditions>
                    <condition number="14" type="jump" coverage="0%" />
                  </conditions>
                </line>
                <line number="1112" hits="0" branch="False" />
                <line number="1113" hits="0" branch="False" />
                <line number="1114" hits="0" branch="False" />
                <line number="1117" hits="0" branch="False" />
                <line number="1118" hits="0" branch="False" />
              </lines>
            </method>
            <method name="NormalizarTextoParaComparacao" signature="(System.String)" line-rate="0" branch-rate="0" complexity="2">
              <lines>
                <line number="1121" hits="0" branch="False" />
                <line number="1122" hits="0" branch="True" condition-coverage="0% (0/2)">
                  <conditions>
                    <condition number="9" type="jump" coverage="0%" />
                  </conditions>
                </line>
                <line number="1123" hits="0" branch="False" />
                <line number="1124" hits="0" branch="False" />
                <line number="1127" hits="0" branch="False" />
                <line number="1128" hits="0" branch="False" />
              </lines>
            </method>
            <method name=".ctor" signature="(Microsoft.Extensions.Logging.ILogger`1&lt;EmissorNotaFiscal.Infrastructure.Automation.ContractBasedAutomationEngine&gt;,Microsoft.Extensions.Configuration.IConfiguration,Microsoft.Extensions.Options.IOptions`1&lt;EmissorNotaFiscal.Configuration.AssistedAutomationOptions&gt;,EmissorNotaFiscal.Domain.Interfaces.ICaptchaSolverService,Microsoft.Extensions.Options.IOptions`1&lt;EmissorNotaFiscal.Configuration.CaptchaSolverOptions&gt;)" line-rate="0" branch-rate="0" complexity="8">
              <lines>
                <line number="39" hits="0" branch="False" />
                <line number="40" hits="0" branch="False" />
                <line number="41" hits="0" branch="False" />
                <line number="42" hits="0" branch="False" />
                <line number="43" hits="0" branch="False" />
                <line number="44" hits="0" branch="False" />
                <line number="45" hits="0" branch="False" />
                <line number="46" hits="0" branch="False" />
                <line number="47" hits="0" branch="False" />
                <line number="48" hits="0" branch="True" condition-coverage="0% (0/4)">
                  <conditions>
                    <condition number="24" type="jump" coverage="0%" />
                    <condition number="36" type="jump" coverage="0%" />
                  </conditions>
                </line>
                <line number="49" hits="0" branch="False" />
                <line number="50" hits="0" branch="True" condition-coverage="0% (0/4)">
                  <conditions>
                    <condition number="60" type="jump" coverage="0%" />
                    <condition number="73" type="jump" coverage="0%" />
                  </conditions>
                </line>
                <line number="51" hits="0" branch="False" />
              </lines>
            </method>
            <method name=".cctor" signature="()" line-rate="0" branch-rate="1" complexity="1">
              <lines>
                <line number="15" hits="0" branch="False" />
                <line number="16" hits="0" branch="False" />
                <line number="17" hits="0" branch="False" />
                <line number="18" hits="0" branch="False" />
                <line number="20" hits="0" branch="False" />
                <line number="21" hits="0" branch="False" />
                <line number="22" hits="0" branch="False" />
                <line number="23" hits="0" branch="False" />
                <line number="24" hits="0" branch="False" />
                <line number="25" hits="0" branch="False" />
                <line number="26" hits="0" branch="False" />
                <line number="27" hits="0" branch="False" />
                <line number="28" hits="0" branch="False" />
                <line number="29" hits="0" branch="False" />
                <line number="30" hits="0" branch="False" />
                <line number="31" hits="0" branch="False" />
              </lines>
            </method>
          </methods>
          <lines>
            <line number="285" hits="0" branch="False" />
            <line number="286" hits="0" branch="True" condition-coverage="0% (0/2)">
              <conditions>
                <condition number="17" type="jump" coverage="0%" />
              </conditions>
            </line>
            <line number="287" hits="0" branch="False" />
            <line number="288" hits="0" branch="False" />
            <line number="291" hits="0" branch="True" condition-coverage="0% (0/2)">
              <conditions>
                <condition number="57" type="jump" coverage="0%" />
              </conditions>
            </line>
            <line number="292" hits="0" branch="False" />
            <line number="293" hits="0" branch="False" />
            <line number="296" hits="0" branch="True" condition-coverage="0% (0/2)">
              <conditions>
                <condition number="85" type="jump" coverage="0%" />
              </conditions>
            </line>
            <line number="297" hits="0" branch="False" />
            <line number="298" hits="0" branch="False" />
            <line number="301" hits="0" branch="False" />
            <line number="302" hits="0" branch="False" />
            <line number="303" hits="0" branch="False" />
            <line number="306" hits="0" branch="False" />
            <line number="307" hits="0" branch="True" condition-coverage="0% (0/2)">
              <conditions>
                <condition number="9" type="jump" coverage="0%" />
              </conditions>
            </line>
            <line number="308" hits="0" branch="False" />
            <line number="309" hits="0" branch="False" />
            <line number="310" hits="0" branch="False" />
            <line number="313" hits="0" branch="True" condition-coverage="0% (0/2)">
              <conditions>
                <condition number="37" type="jump" coverage="0%" />
              </conditions>
            </line>
            <line number="314" hits="0" branch="False" />
            <line number="315" hits="0" branch="False" />
            <line number="316" hits="0" branch="False" />
            <line number="319" hits="0" branch="False" />
            <line number="320" hits="0" branch="False" />
            <line number="720" hits="0" branch="False" />
            <line number="721" hits="0" branch="False" />
            <line number="722" hits="0" branch="False" />
            <line number="723" hits="0" branch="False" />
            <line number="724" hits="0" branch="True" condition-coverage="0% (0/2)">
              <conditions>
                <condition number="12" type="jump" coverage="0%" />
              </conditions>
            </line>
            <line number="725" hits="0" branch="False" />
            <line number="726" hits="0" branch="False" />
            <line number="727" hits="0" branch="False" />
            <line number="728" hits="0" branch="False" />
            <line number="729" hits="0" branch="False" />
            <line number="730" hits="0" branch="False" />
            <line number="731" hits="0" branch="False" />
            <line number="732" hits="0" branch="False" />
            <line number="745" hits="0" branch="False" />
            <line number="746" hits="0" branch="True" condition-coverage="0% (0/2)">
              <conditions>
                <condition number="10" type="jump" coverage="0%" />
              </conditions>
            </line>
            <line number="747" hits="0" branch="False" />
            <line number="748" hits="0" branch="False" />
            <line number="778" hits="0" branch="False" />
            <line number="779" hits="0" branch="False" />
            <line number="780" hits="0" branch="False" />
            <line number="781" hits="0" branch="False" />
            <line number="782" hits="0" branch="False" />
            <line number="783" hits="0" branch="False" />
            <line number="784" hits="0" branch="False" />
            <line number="785" hits="0" branch="False" />
            <line number="786" hits="0" branch="False" />
            <line number="788" hits="0" branch="False" />
            <line number="789" hits="0" branch="False" />
            <line number="790" hits="0" branch="False" />
            <line number="791" hits="0" branch="False" />
            <line number="792" hits="0" branch="False" />
            <line number="975" hits="0" branch="False" />
            <line number="976" hits="0" branch="False" />
            <line number="977" hits="0" branch="False" />
            <line number="978" hits="0" branch="False" />
            <line number="1001" hits="0" branch="False" />
            <line number="1002" hits="0" branch="False" />
            <line number="1003" hits="0" branch="False" />
            <line number="1004" hits="0" branch="False" />
            <line number="1005" hits="0" branch="False" />
            <line number="1006" hits="0" branch="False" />
            <line number="1007" hits="0" branch="False" />
            <line number="1008" hits="0" branch="False" />
            <line number="1009" hits="0" branch="False" />
            <line number="1010" hits="0" branch="False" />
            <line number="1011" hits="0" branch="False" />
            <line number="1012" hits="0" branch="False" />
            <line number="1013" hits="0" branch="False" />
            <line number="1014" hits="0" branch="False" />
            <line number="1015" hits="0" branch="False" />
            <line number="1016" hits="0" branch="False" />
            <line number="1017" hits="0" branch="False" />
            <line number="1018" hits="0" branch="False" />
            <line number="1019" hits="0" branch="False" />
            <line number="1020" hits="0" branch="False" />
            <line number="1021" hits="0" branch="False" />
            <line number="1022" hits="0" branch="False" />
            <line number="1023" hits="0" branch="False" />
            <line number="1024" hits="0" branch="False" />
            <line number="1025" hits="0" branch="False" />
            <line number="1026" hits="0" branch="False" />
            <line number="1029" hits="0" branch="False" />
            <line number="1030" hits="0" branch="False" />
            <line number="1031" hits="0" branch="False" />
            <line number="1032" hits="0" branch="False" />
            <line number="1033" hits="0" branch="False" />
            <line number="1057" hits="0" branch="False" />
            <line number="1058" hits="0" branch="True" condition-coverage="0% (0/2)">
              <conditions>
                <condition number="14" type="jump" coverage="0%" />
              </conditions>
            </line>
            <line number="1059" hits="0" branch="False" />
            <line number="1060" hits="0" branch="False" />
            <line number="1061" hits="0" branch="False" />
            <line number="1062" hits="0" branch="False" />
            <line number="1064" hits="0" branch="False" />
            <line number="1067" hits="0" branch="True" condition-coverage="0% (0/2)">
              <conditions>
                <condition number="59" type="jump" coverage="0%" />
              </conditions>
            </line>
            <line number="1068" hits="0" branch="False" />
            <line number="1071" hits="0" branch="False" />
            <line number="1072" hits="0" branch="True" condition-coverage="0% (0/4)">
              <conditions>
                <condition number="8" type="jump" coverage="0%" />
                <condition number="25" type="jump" coverage="0%" />
              </conditions>
            </line>
            <line number="1073" hits="0" branch="False" />
            <line number="1076" hits="0" branch="False" />
            <line number="1077" hits="0" branch="False" />
            <line number="1078" hits="0" branch="False" />
            <line number="1080" hits="0" branch="False" />
            <line number="1081" hits="0" branch="False" />
            <line number="1082" hits="0" branch="False" />
            <line number="1084" hits="0" branch="False" />
            <line number="1086" hits="0" branch="False" />
            <line number="1087" hits="0" branch="False" />
            <line number="1088" hits="0" branch="False" />
            <line number="1089" hits="0" branch="False" />
            <line number="1090" hits="0" branch="False" />
            <line number="1091" hits="0" branch="False" />
            <line number="1093" hits="0" branch="False" />
            <line number="1099" hits="0" branch="False" />
            <line number="1100" hits="0" branch="True" condition-coverage="0% (0/4)">
              <conditions>
                <condition number="10" type="jump" coverage="0%" />
                <condition number="23" type="jump" coverage="0%" />
              </conditions>
            </line>
            <line number="1101" hits="0" branch="False" />
            <line number="1102" hits="0" branch="False" />
            <line number="1103" hits="0" branch="False" />
            <line number="1106" hits="0" branch="False" />
            <line number="1107" hits="0" branch="False" />
            <line number="1110" hits="0" branch="False" />
            <line number="1111" hits="0" branch="True" condition-coverage="0% (0/2)">
              <conditions>
                <condition number="14" type="jump" coverage="0%" />
              </conditions>
            </line>
            <line number="1112" hits="0" branch="False" />
            <line number="1113" hits="0" branch="False" />
            <line number="1114" hits="0" branch="False" />
            <line number="1117" hits="0" branch="False" />
            <line number="1118" hits="0" branch="False" />
            <line number="1121" hits="0" branch="False" />
            <line number="1122" hits="0" branch="True" condition-coverage="0% (0/2)">
              <conditions>
                <condition number="9" type="jump" coverage="0%" />
              </conditions>
            </line>
            <line number="1123" hits="0" branch="False" />
            <line number="1124" hits="0" branch="False" />
            <line number="1127" hits="0" branch="False" />
            <line number="1128" hits="0" branch="False" />
            <line number="39" hits="0" branch="False" />
            <line number="40" hits="0" branch="False" />
            <line number="41" hits="0" branch="False" />
            <line number="42" hits="0" branch="False" />
            <line number="43" hits="0" branch="False" />
            <line number="44" hits="0" branch="False" />
            <line number="45" hits="0" branch="False" />
            <line number="46" hits="0" branch="False" />
            <line number="47" hits="0" branch="False" />
            <line number="48" hits="0" branch="True" condition-coverage="0% (0/4)">
              <conditions>
                <condition number="24" type="jump" coverage="0%" />
                <condition number="36" type="jump" coverage="0%" />
              </conditions>
            </line>
            <line number="49" hits="0" branch="False" />
            <line number="50" hits="0" branch="True" condition-coverage="0% (0/4)">
              <conditions>
                <condition number="60" type="jump" coverage="0%" />
                <condition number="73" type="jump" coverage="0%" />
              </conditions>
            </line>
            <line number="51" hits="0" branch="False" />
            <line number="15" hits="0" branch="False" />
            <line number="16" hits="0" branch="False" />
            <line number="17" hits="0" branch="False" />
            <line number="18" hits="0" branch="False" />
            <line number="20" hits="0" branch="False" />
            <line number="21" hits="0" branch="False" />
            <line number="22" hits="0" branch="False" />
            <line number="23" hits="0" branch="False" />
            <line number="24" hits="0" branch="False" />
            <line number="25" hits="0" branch="False" />
            <line number="26" hits="0" branch="False" />
            <line number="27" hits="0" branch="False" />
            <line number="28" hits="0" branch="False" />
            <line number="29" hits="0" branch="False" />
            <line number="30" hits="0" branch="False" />
            <line number="31" hits="0" branch="False" />
          </lines>
        </class>
        <class name="EmissorNotaFiscal.Infrastructure.Automation.ContractBasedAutomationEngine/AutomationRuntimeContext" filename="Infrastructure\Automation\ContractBasedAutomationEngine.cs" line-rate="0" branch-rate="1" complexity="2">
          <methods>
            <method name="get_CurrentPage" signature="()" line-rate="0" branch-rate="1" complexity="1">
              <lines>
                <line number="1137" hits="0" branch="False" />
              </lines>
            </method>
            <method name=".ctor" signature="(Microsoft.Playwright.IPage)" line-rate="0" branch-rate="1" complexity="1">
              <lines>
                <line number="1132" hits="0" branch="False" />
                <line number="1133" hits="0" branch="False" />
                <line number="1134" hits="0" branch="False" />
                <line number="1135" hits="0" branch="False" />
              </lines>
            </method>
          </methods>
          <lines>
            <line number="1137" hits="0" branch="False" />
            <line number="1132" hits="0" branch="False" />
            <line number="1133" hits="0" branch="False" />
            <line number="1134" hits="0" branch="False" />
            <line number="1135" hits="0" branch="False" />
          </lines>
        </class>
        <class name="EmissorNotaFiscal.Infrastructure.Automation.ContractBasedAutomationEngine/&lt;&gt;c" filename="Infrastructure\Automation\ContractBasedAutomationEngine.cs" line-rate="0" branch-rate="1" complexity="1">
          <methods>
            <method name="&lt;ExecutarFluxoContratoAsync&gt;b__14_1" signature="(EmissorNotaFiscal.Domain.Models.Automation.EtapaExecucao)" line-rate="0" branch-rate="1" complexity="1">
              <lines>
                <line number="93" hits="0" branch="False" />
              </lines>
            </method>
          </methods>
          <lines>
            <line number="93" hits="0" branch="False" />
          </lines>
        </class>
        <class name="EmissorNotaFiscal.Infrastructure.Automation.ContractBasedAutomationEngine/&lt;&gt;c__DisplayClass14_0" filename="Infrastructure\Automation\ContractBasedAutomationEngine.cs" line-rate="0" branch-rate="0" complexity="2">
          <methods>
            <method name="&lt;ExecutarFluxoContratoAsync&gt;b__0" signature="(System.Object,Microsoft.Playwright.IPage)" line-rate="0" branch-rate="0" complexity="2">
              <lines>
                <line number="81" hits="0" branch="False" />
                <line number="82" hits="0" branch="True" condition-coverage="0% (0/2)">
                  <conditions>
                    <condition number="17" type="jump" coverage="0%" />
                  </conditions>
                </line>
                <line number="83" hits="0" branch="False" />
                <line number="84" hits="0" branch="False" />
                <line number="87" hits="0" branch="False" />
                <line number="88" hits="0" branch="False" />
                <line number="89" hits="0" branch="False" />
              </lines>
            </method>
          </methods>
          <lines>
            <line number="81" hits="0" branch="False" />
            <line number="82" hits="0" branch="True" condition-coverage="0% (0/2)">
              <conditions>
                <condition number="17" type="jump" coverage="0%" />
              </conditions>
            </line>
            <line number="83" hits="0" branch="False" />
            <line number="84" hits="0" branch="False" />
            <line number="87" hits="0" branch="False" />
            <line number="88" hits="0" branch="False" />
            <line number="89" hits="0" branch="False" />
          </lines>
        </class>
        <class name="EmissorNotaFiscal.Infrastructure.Automation.ContractBasedAutomationEngine/&lt;&gt;c__DisplayClass24_0" filename="Infrastructure\Automation\ContractBasedAutomationEngine.cs" line-rate="0" branch-rate="1" complexity="1">
          <methods>
            <method name="&lt;ClickAndSwitchToPopupAsync&gt;g__HandlePopup|0" signature="(System.Object,Microsoft.Playwright.IPage)" line-rate="0" branch-rate="1" complexity="1">
              <lines>
                <line number="413" hits="0" branch="False" />
              </lines>
            </method>
          </methods>
          <lines>
            <line number="413" hits="0" branch="False" />
          </lines>
        </class>
        <class name="EmissorNotaFiscal.Infrastructure.Automation.ContractBasedAutomationEngine/&lt;AguardarModoAssistidoSeNecessarioAsync&gt;d__26" filename="Infrastructure\Automation\ContractBasedAutomationEngine.cs" line-rate="0" branch-rate="0" complexity="18">
          <methods>
            <method name="MoveNext" signature="()" line-rate="0" branch-rate="0" complexity="18">
              <lines>
                <line number="514" hits="0" branch="False" />
                <line number="515" hits="0" branch="True" condition-coverage="0% (0/4)">
                  <conditions>
                    <condition number="122" type="jump" coverage="0%" />
                    <condition number="259" type="jump" coverage="0%" />
                  </conditions>
                </line>
                <line number="516" hits="0" branch="False" />
                <line number="517" hits="0" branch="False" />
                <line number="521" hits="0" branch="True" condition-coverage="0% (0/4)">
                  <conditions>
                    <condition number="283" type="jump" coverage="0%" />
                    <condition number="306" type="jump" coverage="0%" />
                  </conditions>
                </line>
                <line number="522" hits="0" branch="False" />
                <line number="523" hits="0" branch="False" />
                <line number="524" hits="0" branch="True" condition-coverage="0% (0/2)">
                  <conditions>
                    <condition number="467" type="jump" coverage="0%" />
                  </conditions>
                </line>
                <line number="525" hits="0" branch="False" />
                <line number="526" hits="0" branch="False" />
                <line number="528" hits="0" branch="False" />
                <line number="531" hits="0" branch="True" condition-coverage="0% (0/2)">
                  <conditions>
                    <condition number="499" type="jump" coverage="0%" />
                  </conditions>
                </line>
                <line number="532" hits="0" branch="False" />
                <line number="533" hits="0" branch="False" />
                <line number="534" hits="0" branch="False" />
                <line number="535" hits="0" branch="False" />
                <line number="536" hits="0" branch="False" />
                <line number="537" hits="0" branch="False" />
                <line number="538" hits="0" branch="False" />
                <line number="539" hits="0" branch="False" />
                <line number="542" hits="0" branch="False" />
                <line number="543" hits="0" branch="False" />
                <line number="544" hits="0" branch="False" />
                <line number="546" hits="0" branch="False" />
                <line number="547" hits="0" branch="False" />
                <line number="548" hits="0" branch="False" />
                <line number="549" hits="0" branch="False" />
                <line number="551" hits="0" branch="False" />
                <line number="553" hits="0" branch="True" condition-coverage="0% (0/2)">
                  <conditions>
                    <condition number="1382" type="jump" coverage="0%" />
                  </conditions>
                </line>
                <line number="554" hits="0" branch="False" />
                <line number="555" hits="0" branch="False" />
                <line number="557" hits="0" branch="True" condition-coverage="0% (0/2)">
                  <conditions>
                    <condition number="1220" type="jump" coverage="0%" />
                  </conditions>
                </line>
                <line number="558" hits="0" branch="False" />
                <line number="559" hits="0" branch="False" />
                <line number="560" hits="0" branch="False" />
                <line number="561" hits="0" branch="False" />
                <line number="563" hits="0" branch="False" />
                <line number="566" hits="0" branch="True" condition-coverage="0% (0/2)">
                  <conditions>
                    <condition number="1290" type="jump" coverage="0%" />
                  </conditions>
                </line>
                <line number="567" hits="0" branch="False" />
                <line number="568" hits="0" branch="False" />
                <line number="569" hits="0" branch="False" />
                <line number="570" hits="0" branch="False" />
                <line number="572" hits="0" branch="False" />
                <line number="573" hits="0" branch="False" />
                <line number="574" hits="0" branch="False" />
                <line number="576" hits="0" branch="False" />
                <line number="578" hits="0" branch="False" />
                <line number="579" hits="0" branch="False" />
                <line number="580" hits="0" branch="False" />
                <line number="581" hits="0" branch="False" />
                <line number="582" hits="0" branch="False" />
                <line number="583" hits="0" branch="False" />
              </lines>
            </method>
          </methods>
          <lines>
            <line number="514" hits="0" branch="False" />
            <line number="515" hits="0" branch="True" condition-coverage="0% (0/4)">
              <conditions>
                <condition number="122" type="jump" coverage="0%" />
                <condition number="259" type="jump" coverage="0%" />
              </conditions>
            </line>
            <line number="516" hits="0" branch="False" />
            <line number="517" hits="0" branch="False" />
            <line number="521" hits="0" branch="True" condition-coverage="0% (0/4)">
              <conditions>
                <condition number="283" type="jump" coverage="0%" />
                <condition number="306" type="jump" coverage="0%" />
              </conditions>
            </line>
            <line number="522" hits="0" branch="False" />
            <line number="523" hits="0" branch="False" />
            <line number="524" hits="0" branch="True" condition-coverage="0% (0/2)">
              <conditions>
                <condition number="467" type="jump" coverage="0%" />
              </conditions>
            </line>
            <line number="525" hits="0" branch="False" />
            <line number="526" hits="0" branch="False" />
            <line number="528" hits="0" branch="False" />
            <line number="531" hits="0" branch="True" condition-coverage="0% (0/2)">
              <conditions>
                <condition number="499" type="jump" coverage="0%" />
              </conditions>
            </line>
            <line number="532" hits="0" branch="False" />
            <line number="533" hits="0" branch="False" />
            <line number="534" hits="0" branch="False" />
            <line number="535" hits="0" branch="False" />
            <line number="536" hits="0" branch="False" />
            <line number="537" hits="0" branch="False" />
            <line number="538" hits="0" branch="False" />
            <line number="539" hits="0" branch="False" />
            <line number="542" hits="0" branch="False" />
            <line number="543" hits="0" branch="False" />
            <line number="544" hits="0" branch="False" />
            <line number="546" hits="0" branch="False" />
            <line number="547" hits="0" branch="False" />
            <line number="548" hits="0" branch="False" />
            <line number="549" hits="0" branch="False" />
            <line number="551" hits="0" branch="False" />
            <line number="553" hits="0" branch="True" condition-coverage="0% (0/2)">
              <conditions>
                <condition number="1382" type="jump" coverage="0%" />
              </conditions>
            </line>
            <line number="554" hits="0" branch="False" />
            <line number="555" hits="0" branch="False" />
            <line number="557" hits="0" branch="True" condition-coverage="0% (0/2)">
              <conditions>
                <condition number="1220" type="jump" coverage="0%" />
              </conditions>
            </line>
            <line number="558" hits="0" branch="False" />
            <line number="559" hits="0" branch="False" />
            <line number="560" hits="0" branch="False" />
            <line number="561" hits="0" branch="False" />
            <line number="563" hits="0" branch="False" />
            <line number="566" hits="0" branch="True" condition-coverage="0% (0/2)">
              <conditions>
                <condition number="1290" type="jump" coverage="0%" />
              </conditions>
            </line>
            <line number="567" hits="0" branch="False" />
            <line number="568" hits="0" branch="False" />
            <line number="569" hits="0" branch="False" />
            <line number="570" hits="0" branch="False" />
            <line number="572" hits="0" branch="False" />
            <line number="573" hits="0" branch="False" />
            <line number="574" hits="0" branch="False" />
            <line number="576" hits="0" branch="False" />
            <line number="578" hits="0" branch="False" />
            <line number="579" hits="0" branch="False" />
            <line number="580" hits="0" branch="False" />
            <line number="581" hits="0" branch="False" />
            <line number="582" hits="0" branch="False" />
            <line number="583" hits="0" branch="False" />
          </lines>
        </class>
        <class name="EmissorNotaFiscal.Infrastructure.Automation.ContractBasedAutomationEngine/&lt;CapturePageDiagnosticsAsync&gt;d__35" filename="Infrastructure\Automation\ContractBasedAutomationEngine.cs" line-rate="0" branch-rate="1" complexity="1">
          <methods>
            <method name="MoveNext" signature="()" line-rate="0" branch-rate="1" complexity="1">
              <lines>
                <line number="795" hits="0" branch="False" />
                <line number="797" hits="0" branch="False" />
                <line number="798" hits="0" branch="False" />
                <line number="799" hits="0" branch="False" />
                <line number="801" hits="0" branch="False" />
                <line number="802" hits="0" branch="False" />
                <line number="803" hits="0" branch="False" />
                <line number="804" hits="0" branch="False" />
                <line number="806" hits="0" branch="False" />
                <line number="807" hits="0" branch="False" />
                <line number="808" hits="0" branch="False" />
                <line number="809" hits="0" branch="False" />
                <line number="810" hits="0" branch="False" />
                <line number="812" hits="0" branch="False" />
                <line number="813" hits="0" branch="False" />
                <line number="815" hits="0" branch="False" />
                <line number="816" hits="0" branch="False" />
                <line number="817" hits="0" branch="False" />
                <line number="818" hits="0" branch="False" />
                <line number="819" hits="0" branch="False" />
                <line number="820" hits="0" branch="False" />
                <line number="821" hits="0" branch="False" />
                <line number="822" hits="0" branch="False" />
                <line number="824" hits="0" branch="False" />
                <line number="826" hits="0" branch="False" />
                <line number="827" hits="0" branch="False" />
                <line number="828" hits="0" branch="False" />
                <line number="829" hits="0" branch="False" />
                <line number="830" hits="0" branch="False" />
                <line number="831" hits="0" branch="False" />
                <line number="832" hits="0" branch="False" />
                <line number="833" hits="0" branch="False" />
                <line number="834" hits="0" branch="False" />
                <line number="835" hits="0" branch="False" />
              </lines>
            </method>
          </methods>
          <lines>
            <line number="795" hits="0" branch="False" />
            <line number="797" hits="0" branch="False" />
            <line number="798" hits="0" branch="False" />
            <line number="799" hits="0" branch="False" />
            <line number="801" hits="0" branch="False" />
            <line number="802" hits="0" branch="False" />
            <line number="803" hits="0" branch="False" />
            <line number="804" hits="0" branch="False" />
            <line number="806" hits="0" branch="False" />
            <line number="807" hits="0" branch="False" />
            <line number="808" hits="0" branch="False" />
            <line number="809" hits="0" branch="False" />
            <line number="810" hits="0" branch="False" />
            <line number="812" hits="0" branch="False" />
            <line number="813" hits="0" branch="False" />
            <line number="815" hits="0" branch="False" />
            <line number="816" hits="0" branch="False" />
            <line number="817" hits="0" branch="False" />
            <line number="818" hits="0" branch="False" />
            <line number="819" hits="0" branch="False" />
            <line number="820" hits="0" branch="False" />
            <line number="821" hits="0" branch="False" />
            <line number="822" hits="0" branch="False" />
            <line number="824" hits="0" branch="False" />
            <line number="826" hits="0" branch="False" />
            <line number="827" hits="0" branch="False" />
            <line number="828" hits="0" branch="False" />
            <line number="829" hits="0" branch="False" />
            <line number="830" hits="0" branch="False" />
            <line number="831" hits="0" branch="False" />
            <line number="832" hits="0" branch="False" />
            <line number="833" hits="0" branch="False" />
            <line number="834" hits="0" branch="False" />
            <line number="835" hits="0" branch="False" />
          </lines>
        </class>
        <class name="EmissorNotaFiscal.Infrastructure.Automation.ContractBasedAutomationEngine/&lt;ClicarLinkContendoValorDinamicoAsync&gt;d__37" filename="Infrastructure\Automation\ContractBasedAutomationEngine.cs" line-rate="0" branch-rate="0" complexity="18">
          <methods>
            <method name="MoveNext" signature="()" line-rate="0" branch-rate="0" complexity="18">
              <lines>
                <line number="859" hits="0" branch="False" />
                <line number="860" hits="0" branch="False" />
                <line number="862" hits="0" branch="True" condition-coverage="0% (0/6)">
                  <conditions>
                    <condition number="102" type="jump" coverage="0%" />
                    <condition number="132" type="jump" coverage="0%" />
                    <condition number="153" type="jump" coverage="0%" />
                  </conditions>
                </line>
                <line number="863" hits="0" branch="False" />
                <line number="864" hits="0" branch="False" />
                <line number="865" hits="0" branch="False" />
                <line number="866" hits="0" branch="False" />
                <line number="867" hits="0" branch="False" />
                <line number="869" hits="0" branch="False" />
                <line number="870" hits="0" branch="False" />
                <line number="871" hits="0" branch="False" />
                <line number="872" hits="0" branch="False" />
                <line number="873" hits="0" branch="False" />
                <line number="875" hits="0" branch="False" />
                <line number="877" hits="0" branch="True" condition-coverage="0% (0/2)">
                  <conditions>
                    <condition number="1284" type="jump" coverage="0%" />
                  </conditions>
                </line>
                <line number="878" hits="0" branch="False" />
                <line number="879" hits="0" branch="False" />
                <line number="880" hits="0" branch="True" condition-coverage="0% (0/2)">
                  <conditions>
                    <condition number="607" type="jump" coverage="0%" />
                  </conditions>
                </line>
                <line number="881" hits="0" branch="False" />
                <line number="882" hits="0" branch="False" />
                <line number="885" hits="0" branch="True" condition-coverage="0% (0/2)">
                  <conditions>
                    <condition number="628" type="jump" coverage="0%" />
                  </conditions>
                </line>
                <line number="886" hits="0" branch="False" />
                <line number="887" hits="0" branch="False" />
                <line number="888" hits="0" branch="False" />
                <line number="889" hits="0" branch="False" />
                <line number="890" hits="0" branch="False" />
                <line number="891" hits="0" branch="False" />
                <line number="894" hits="0" branch="False" />
                <line number="895" hits="0" branch="True" condition-coverage="0% (0/2)">
                  <conditions>
                    <condition number="1043" type="jump" coverage="0%" />
                  </conditions>
                </line>
[...]
                <line number="17" hits="26" branch="False" />
              </lines>
            </method>
            <method name="get_MaxRetries" signature="()" line-rate="1" branch-rate="1" complexity="1">
              <lines>
                <line number="20" hits="12" branch="False" />
              </lines>
            </method>
            <method name="get_TimeoutSeconds" signature="()" line-rate="1" branch-rate="1" complexity="1">
              <lines>
                <line number="23" hits="24" branch="False" />
              </lines>
            </method>
            <method name="get_Selectors" signature="()" line-rate="1" branch-rate="1" complexity="1">
              <lines>
                <line number="26" hits="18" branch="False" />
              </lines>
            </method>
          </methods>
          <lines>
            <line number="9" hits="13" branch="False" />
            <line number="12" hits="27" branch="False" />
            <line number="14" hits="23" branch="False" />
            <line number="17" hits="26" branch="False" />
            <line number="20" hits="12" branch="False" />
            <line number="23" hits="24" branch="False" />
            <line number="26" hits="18" branch="False" />
          </lines>
        </class>
        <class name="EmissorNotaFiscal.Configuration.CaptchaSelectors" filename="Configuration\CaptchaSolverOptions.cs" line-rate="1" branch-rate="1" complexity="4">
          <methods>
            <method name="get_CaptchaImage" signature="()" line-rate="1" branch-rate="1" complexity="1">
              <lines>
                <line number="32" hits="24" branch="False" />
              </lines>
            </method>
            <method name="get_InputResponse" signature="()" line-rate="1" branch-rate="1" complexity="1">
              <lines>
                <line number="35" hits="24" branch="False" />
              </lines>
            </method>
            <method name="get_SubmitButton" signature="()" line-rate="1" branch-rate="1" complexity="1">
              <lines>
                <line number="38" hits="24" branch="False" />
              </lines>
            </method>
            <method name="get_ReloadButton" signature="()" line-rate="1" branch-rate="1" complexity="1">
              <lines>
                <line number="40" hits="17" branch="False" />
              </lines>
            </method>
          </methods>
          <lines>
            <line number="32" hits="24" branch="False" />
            <line number="35" hits="24" branch="False" />
            <line number="38" hits="24" branch="False" />
            <line number="40" hits="17" branch="False" />
          </lines>
        </class>
        <class name="EmissorNotaFiscal.Configuration.WorkerScheduleOptions" filename="Configuration\WorkerScheduleOptions.cs" line-rate="1" branch-rate="1" complexity="1">
          <methods>
            <method name="get_IntervalHours" signature="()" line-rate="1" branch-rate="1" complexity="1">
              <lines>
                <line number="10" hits="6" branch="False" />
              </lines>
            </method>
          </methods>
          <lines>
            <line number="10" hits="6" branch="False" />
          </lines>
        </class>
        <class name="EmissorNotaFiscal.Application.FaturamentoOrchestrator" filename="Application\FaturamentoOrchestrator.cs" line-rate="0.9704999999999999" branch-rate="0.9285" complexity="15">
          <methods>
            <method name="ResolveRootFilePath" signature="(System.String)" line-rate="1" branch-rate="1" complexity="4">
              <lines>
                <line number="77" hits="12" branch="False" />
                <line number="78" hits="12" branch="False" />
                <line number="80" hits="42" branch="True" condition-coverage="100% (2/2)">
                  <conditions>
                    <condition number="62" type="jump" coverage="100%" />
                  </conditions>
                </line>
                <line number="81" hits="20" branch="False" />
                <line number="82" hits="20" branch="False" />
                <line number="83" hits="20" branch="True" condition-coverage="100% (2/2)">
                  <conditions>
                    <condition number="38" type="jump" coverage="100%" />
                  </conditions>
                </line>
                <line number="84" hits="11" branch="False" />
                <line number="85" hits="11" branch="False" />
                <line number="87" hits="9" branch="False" />
                <line number="89" hits="1" branch="False" />
                <line number="90" hits="1" branch="False" />
                <line number="91" hits="1" branch="False" />
                <line number="92" hits="11" branch="False" />
              </lines>
            </method>
            <method name="SelecionarItemTeste" signature="(EmissorNotaFiscal.Domain.Models.Faturamento.ConfigFaturamento)" line-rate="1" branch-rate="1" complexity="2">
              <lines>
                <line number="95" hits="3" branch="False" />
                <line number="96" hits="3" branch="False" />
                <line number="98" hits="3" branch="True" condition-coverage="100% (2/2)">
                  <conditions>
                    <condition number="15" type="jump" coverage="100%" />
                  </conditions>
                </line>
                <line number="99" hits="3" branch="False" />
                <line number="100" hits="2" branch="False" />
              </lines>
            </method>
            <method name="ConstruirDicionarioDados" signature="(EmissorNotaFiscal.Domain.Models.Faturamento.ConfigFaturamento,EmissorNotaFiscal.Domain.Models.Faturamento.ItemNota)" line-rate="1" branch-rate="1" complexity="4">
              <lines>
                <line number="105" hits="2" branch="False" />
                <line number="106" hits="2" branch="False" />
                <line number="108" hits="2" branch="True" condition-coverage="100% (2/2)">
                  <conditions>
                    <condition number="28" type="jump" coverage="100%" />
                  </conditions>
                </line>
                <line number="109" hits="1" branch="False" />
                <line number="110" hits="1" branch="False" />
                <line number="111" hits="1" branch="False" />
                <line number="114" hits="1" branch="False" />
                <line number="116" hits="1" branch="False" />
                <line number="117" hits="1" branch="False" />
                <line number="118" hits="1" branch="False" />
                <line number="119" hits="1" branch="False" />
                <line number="120" hits="1" branch="False" />
                <line number="121" hits="1" branch="False" />
                <line number="122" hits="1" branch="False" />
                <line number="123" hits="1" branch="False" />
                <line number="124" hits="1" branch="False" />
                <line number="125" hits="1" branch="False" />
                <line number="126" hits="1" branch="False" />
                <line number="127" hits="1" branch="False" />
                <line number="129" hits="1" branch="False" />
                <line number="130" hits="1" branch="True" condition-coverage="100% (2/2)">
                  <conditions>
                    <condition number="290" type="jump" coverage="100%" />
                  </conditions>
                </line>
                <line number="131" hits="1" branch="False" />
                <line number="132" hits="1" branch="False" />
                <line number="133" hits="1" branch="False" />
                <line number="135" hits="1" branch="False" />
                <line number="136" hits="1" branch="False" />
              </lines>
            </method>
            <method name="ValidarContratoCarregado" signature="(EmissorNotaFiscal.Domain.Models.Automation.FluxoAutomacaoContrato,System.String)" line-rate="1" branch-rate="1" complexity="2">
              <lines>
                <line number="141" hits="4" branch="False" />
                <line number="142" hits="7" branch="False" />
                <line number="144" hits="4" branch="True" condition-coverage="100% (2/2)">
                  <conditions>
                    <condition number="50" type="jump" coverage="100%" />
                  </conditions>
                </line>
                <line number="145" hits="1" branch="False" />
                <line number="146" hits="1" branch="False" />
                <line number="147" hits="1" branch="False" />
                <line number="149" hits="3" branch="False" />
              </lines>
            </method>
            <method name="ExtrairNumeroNotaConhecido" signature="(System.String)" line-rate="0.6666" branch-rate="0.5" complexity="2">
              <lines>
                <line number="152" hits="1" branch="False" />
                <line number="153" hits="1" branch="True" condition-coverage="50% (1/2)">
                  <conditions>
                    <condition number="9" type="jump" coverage="50%" />
                  </conditions>
                </line>
                <line number="154" hits="0" branch="False" />
                <line number="155" hits="0" branch="False" />
                <line number="158" hits="1" branch="False" />
                <line number="159" hits="1" branch="False" />
              </lines>
            </method>
            <method name=".ctor" signature="(EmissorNotaFiscal.Domain.Interfaces.IConfigRepository,EmissorNotaFiscal.Domain.Interfaces.INfeAutomationService,Microsoft.Extensions.Configuration.IConfiguration,Microsoft.Extensions.Logging.ILogger`1&lt;EmissorNotaFiscal.Application.FaturamentoOrchestrator&gt;)" line-rate="1" branch-rate="1" complexity="1">
              <lines>
                <line number="20" hits="6" branch="False" />
                <line number="21" hits="6" branch="False" />
                <line number="22" hits="6" branch="False" />
                <line number="23" hits="6" branch="False" />
                <line number="24" hits="6" branch="False" />
                <line number="25" hits="6" branch="False" />
                <line number="26" hits="6" branch="False" />
                <line number="27" hits="6" branch="False" />
                <line number="28" hits="6" branch="False" />
                <line number="29" hits="6" branch="False" />
                <line number="30" hits="6" branch="False" />
              </lines>
            </method>
          </methods>
          <lines>
            <line number="77" hits="12" branch="False" />
            <line number="78" hits="12" branch="False" />
            <line number="80" hits="42" branch="True" condition-coverage="100% (2/2)">
              <conditions>
                <condition number="62" type="jump" coverage="100%" />
              </conditions>
            </line>
            <line number="81" hits="20" branch="False" />
            <line number="82" hits="20" branch="False" />
            <line number="83" hits="20" branch="True" condition-coverage="100% (2/2)">
              <conditions>
                <condition number="38" type="jump" coverage="100%" />
              </conditions>
            </line>
            <line number="84" hits="11" branch="False" />
            <line number="85" hits="11" branch="False" />
            <line number="87" hits="9" branch="False" />
            <line number="89" hits="1" branch="False" />
            <line number="90" hits="1" branch="False" />
            <line number="91" hits="1" branch="False" />
            <line number="92" hits="11" branch="False" />
            <line number="95" hits="3" branch="False" />
            <line number="96" hits="3" branch="False" />
            <line number="98" hits="3" branch="True" condition-coverage="100% (2/2)">
              <conditions>
                <condition number="15" type="jump" coverage="100%" />
              </conditions>
            </line>
            <line number="99" hits="3" branch="False" />
            <line number="100" hits="2" branch="False" />
            <line number="105" hits="2" branch="False" />
            <line number="106" hits="2" branch="False" />
            <line number="108" hits="2" branch="True" condition-coverage="100% (2/2)">
              <conditions>
                <condition number="28" type="jump" coverage="100%" />
              </conditions>
            </line>
            <line number="109" hits="1" branch="False" />
            <line number="110" hits="1" branch="False" />
            <line number="111" hits="1" branch="False" />
            <line number="114" hits="1" branch="False" />
            <line number="116" hits="1" branch="False" />
            <line number="117" hits="1" branch="False" />
            <line number="118" hits="1" branch="False" />
            <line number="119" hits="1" branch="False" />
            <line number="120" hits="1" branch="False" />
            <line number="121" hits="1" branch="False" />
            <line number="122" hits="1" branch="False" />
            <line number="123" hits="1" branch="False" />
            <line number="124" hits="1" branch="False" />
            <line number="125" hits="1" branch="False" />
            <line number="126" hits="1" branch="False" />
            <line number="127" hits="1" branch="False" />
            <line number="129" hits="1" branch="False" />
            <line number="130" hits="1" branch="True" condition-coverage="100% (2/2)">
              <conditions>
                <condition number="290" type="jump" coverage="100%" />
              </conditions>
            </line>
            <line number="131" hits="1" branch="False" />
            <line number="132" hits="1" branch="False" />
            <line number="133" hits="1" branch="False" />
            <line number="135" hits="1" branch="False" />
            <line number="136" hits="1" branch="False" />
            <line number="141" hits="4" branch="False" />
            <line number="142" hits="7" branch="False" />
            <line number="144" hits="4" branch="True" condition-coverage="100% (2/2)">
              <conditions>
                <condition number="50" type="jump" coverage="100%" />
              </conditions>
            </line>
            <line number="145" hits="1" branch="False" />
            <line number="146" hits="1" branch="False" />
            <line number="147" hits="1" branch="False" />
            <line number="149" hits="3" branch="False" />
            <line number="152" hits="1" branch="False" />
            <line number="153" hits="1" branch="True" condition-coverage="50% (1/2)">
              <conditions>
                <condition number="9" type="jump" coverage="50%" />
              </conditions>
            </line>
            <line number="154" hits="0" branch="False" />
            <line number="155" hits="0" branch="False" />
            <line number="158" hits="1" branch="False" />
            <line number="159" hits="1" branch="False" />
            <line number="20" hits="6" branch="False" />
            <line number="21" hits="6" branch="False" />
            <line number="22" hits="6" branch="False" />
            <line number="23" hits="6" branch="False" />
            <line number="24" hits="6" branch="False" />
            <line number="25" hits="6" branch="False" />
            <line number="26" hits="6" branch="False" />
            <line number="27" hits="6" branch="False" />
            <line number="28" hits="6" branch="False" />
            <line number="29" hits="6" branch="False" />
            <line number="30" hits="6" branch="False" />
          </lines>
        </class>
        <class name="EmissorNotaFiscal.Application.FaturamentoOrchestrator/&lt;RunAsync&gt;d__8" filename="Application\FaturamentoOrchestrator.cs" line-rate="1" branch-rate="1" complexity="1">
          <methods>
            <method name="MoveNext" signature="()" line-rate="1" branch-rate="1" complexity="1">
              <lines>
                <line number="33" hits="6" branch="False" />
                <line number="34" hits="6" branch="False" />
                <line number="35" hits="6" branch="False" />
                <line number="37" hits="6" branch="False" />
                <line number="40" hits="6" branch="False" />
                <line number="41" hits="6" branch="False" />
                <line number="42" hits="6" branch="False" />
                <line number="44" hits="5" branch="False" />
                <line number="45" hits="5" branch="False" />
                <line number="46" hits="4" branch="False" />
                <line number="47" hits="4" branch="False" />
                <line number="49" hits="4" branch="False" />
                <line number="51" hits="3" branch="False" />
                <line number="52" hits="2" branch="False" />
                <line number="53" hits="2" branch="False" />
                <line number="55" hits="1" branch="False" />
                <line number="56" hits="1" branch="False" />
                <line number="57" hits="1" branch="False" />
                <line number="58" hits="1" branch="False" />
                <line number="60" hits="1" branch="False" />
                <line number="62" hits="1" branch="False" />
                <line number="63" hits="1" branch="False" />
                <line number="64" hits="1" branch="False" />
                <line number="65" hits="1" branch="False" />
                <line number="66" hits="5" branch="False" />
                <line number="67" hits="5" branch="False" />
                <line number="68" hits="5" branch="False" />
                <line number="69" hits="5" branch="False" />
                <line number="70" hits="5" branch="False" />
                <line number="72" hits="5" branch="False" />
                <line number="74" hits="1" branch="False" />
              </lines>
            </method>
          </methods>
          <lines>
            <line number="33" hits="6" branch="False" />
            <line number="34" hits="6" branch="False" />
            <line number="35" hits="6" branch="False" />
            <line number="37" hits="6" branch="False" />
            <line number="40" hits="6" branch="False" />
            <line number="41" hits="6" branch="False" />
            <line number="42" hits="6" branch="False" />
            <line number="44" hits="5" branch="False" />
            <line number="45" hits="5" branch="False" />
            <line number="46" hits="4" branch="False" />
            <line number="47" hits="4" branch="False" />
            <line number="49" hits="4" branch="False" />
            <line number="51" hits="3" branch="False" />
            <line number="52" hits="2" branch="False" />
            <line number="53" hits="2" branch="False" />
            <line number="55" hits="1" branch="False" />
            <line number="56" hits="1" branch="False" />
            <line number="57" hits="1" branch="False" />
            <line number="58" hits="1" branch="False" />
            <line number="60" hits="1" branch="False" />
            <line number="62" hits="1" branch="False" />
            <line number="63" hits="1" branch="False" />
            <line number="64" hits="1" branch="False" />
            <line number="65" hits="1" branch="False" />
            <line number="66" hits="5" branch="False" />
            <line number="67" hits="5" branch="False" />
            <line number="68" hits="5" branch="False" />
            <line number="69" hits="5" branch="False" />
            <line number="70" hits="5" branch="False" />
            <line number="72" hits="5" branch="False" />
            <line number="74" hits="1" branch="False" />
          </lines>
        </class>
      </classes>
    </package>
  </packages>
</coverage>